<?xml version="1.0" encoding="UTF-8"?>
<!-- Generated by org.testng.reporters.JUnitReportReporter -->
<testsuite name="com.div.restApiAutomation.TestGetTwitterApi" tests="1" time="1.192" ignored="0" failures="0" timestamp="25 Feb 2017 08:37:00 GMT" skipped="0" hostname="Divya-Gupta" errors="0">
  <testcase name="testGetAccountSetting" time="1.192" classname="com.div.restApiAutomation.TestGetTwitterApi"/>
</testsuite> <!-- com.div.restApiAutomation.TestGetTwitterApi -->
