<?xml version="1.0" encoding="UTF-8"?>
<!-- Generated by org.testng.reporters.JUnitReportReporter -->
<testsuite name="com.div.restApiAutomation.TestTwitterApi" tests="2" time="1.704" ignored="0" failures="0" timestamp="25 Feb 2017 08:37:17 GMT" skipped="0" hostname="Divya-Gupta" errors="0">
  <testcase name="testPostAccountSetting" time="1.485" classname="com.div.restApiAutomation.TestTwitterApi"/>
  <testcase name="testPostAccountSetting" time="0.219" classname="com.div.restApiAutomation.TestTwitterApi"/>
</testsuite> <!-- com.div.restApiAutomation.TestTwitterApi -->
