<?xml version="1.0" encoding="UTF-8"?>
<!-- Generated by org.testng.reporters.JUnitReportReporter -->
<testsuite name="com.div.restApiAutomation.TestTwitterPostApi" tests="2" time="0.337" ignored="0" failures="0" timestamp="27 Feb 2017 06:06:32 GMT" skipped="0" hostname="Divya-Gupta" errors="0">
  <testcase name="testPostAccountSetting" time="0.148" classname="com.div.restApiAutomation.TestTwitterPostApi"/>
  <testcase name="testPostAccountSetting" time="0.189" classname="com.div.restApiAutomation.TestTwitterPostApi"/>
</testsuite> <!-- com.div.restApiAutomation.TestTwitterPostApi -->
