<?xml version="1.0" encoding="UTF-8"?>
<!-- Generated by org.testng.reporters.JUnitReportReporter -->
<testsuite name="com.div.restApiAutomation.TestTwitterGetApi" tests="1" time="0.744" ignored="0" failures="0" timestamp="27 Feb 2017 06:30:06 GMT" skipped="0" hostname="Divya-Gupta" errors="0">
  <testcase name="testGetAccountSetting" time="0.744" classname="com.div.restApiAutomation.TestTwitterGetApi"/>
</testsuite> <!-- com.div.restApiAutomation.TestTwitterGetApi -->
