<?xml version="1.0" encoding="UTF-8"?>
<!-- Generated by org.testng.reporters.JUnitReportReporter -->
<testsuite name="com.div.restApiAutomation.TestTwitterGetApi" tests="1" time="1.222" ignored="0" failures="0" timestamp="25 Feb 2017 08:55:20 GMT" skipped="0" hostname="Divya-Gupta" errors="0">
  <testcase name="testGetAccountSetting" time="1.222" classname="com.div.restApiAutomation.TestTwitterGetApi"/>
</testsuite> <!-- com.div.restApiAutomation.TestTwitterGetApi -->
